This is pdfTeX, Version 3.141592653-2.6-1.40.25 (MiKTeX 23.10) (preloaded format=pdflatex 2023.11.4)  17 MAY 2024 08:45
entering extended mode
 restricted \write18 enabled.
 file:line:error style messages enabled.
 %&-line parsing enabled.
**c:/Users/danie/workspace/Math/202_Waves/Final/Final.tex
(c:/Users/danie/workspace/Math/202_Waves/Final/Final.tex
LaTeX2e <2023-06-01> patch level 1
L3 programming layer <2023-08-29>
(C:\Users\danie\AppData\Local\Programs\MiKTeX\tex/latex/base\article.cls
Document Class: article 2023/05/17 v1.4n Standard LaTeX document class
(C:\Users\danie\AppData\Local\Programs\MiKTeX\tex/latex/base\size10.clo
File: size10.clo 2023/05/17 v1.4n Standard LaTeX file (size option)
)
\c@part=\count185
\c@section=\count186
\c@subsection=\count187
\c@subsubsection=\count188
\c@paragraph=\count189
\c@subparagraph=\count190
\c@figure=\count191
\c@table=\count192
\abovecaptionskip=\skip48
\belowcaptionskip=\skip49
\bibindent=\dimen140
) (C:\Users\danie\AppData\Local\Programs\MiKTeX\tex/latex/amsfonts\amsfonts.sty
Package: amsfonts 2013/01/14 v3.01 Basic AMSFonts support
\@emptytoks=\toks17
\symAMSa=\mathgroup4
\symAMSb=\mathgroup5
LaTeX Font Info:    Redeclaring math symbol \hbar on input line 98.
LaTeX Font Info:    Overwriting math alphabet `\mathfrak' in version `bold'
(Font)                  U/euf/m/n --> U/euf/b/n on input line 106.
) (C:\Users\danie\AppData\Local\Programs\MiKTeX\tex/latex/amscls\amsthm.sty
Package: amsthm 2020/05/29 v2.20.6
\thm@style=\toks18
\thm@bodyfont=\toks19
\thm@headfont=\toks20
\thm@notefont=\toks21
\thm@headpunct=\toks22
\thm@preskip=\skip50
\thm@postskip=\skip51
\thm@headsep=\skip52
\dth@everypar=\toks23
) (C:\Users\danie\AppData\Local\Programs\MiKTeX\tex/latex/amsfonts\amssymb.sty
Package: amssymb 2013/01/14 v3.01 AMS font symbols
) (C:\Users\danie\AppData\Local\Programs\MiKTeX\tex/latex/amsmath\amsmath.sty
Package: amsmath 2023/05/13 v2.17o AMS math features
\@mathmargin=\skip53

For additional information on amsmath, use the `?' option.
(C:\Users\danie\AppData\Local\Programs\MiKTeX\tex/latex/amsmath\amstext.sty
Package: amstext 2021/08/26 v2.01 AMS text
 (C:\Users\danie\AppData\Local\Programs\MiKTeX\tex/latex/amsmath\amsgen.sty
File: amsgen.sty 1999/11/30 v2.0 generic functions
\@emptytoks=\toks24
\ex@=\dimen141
)) (C:\Users\danie\AppData\Local\Programs\MiKTeX\tex/latex/amsmath\amsbsy.sty
Package: amsbsy 1999/11/29 v1.2d Bold Symbols
\pmbraise@=\dimen142
) (C:\Users\danie\AppData\Local\Programs\MiKTeX\tex/latex/amsmath\amsopn.sty
Package: amsopn 2022/04/08 v2.04 operator names
)
\inf@bad=\count193
LaTeX Info: Redefining \frac on input line 234.
\uproot@=\count194
\leftroot@=\count195
LaTeX Info: Redefining \overline on input line 399.
LaTeX Info: Redefining \colon on input line 410.
\classnum@=\count196
\DOTSCASE@=\count197
LaTeX Info: Redefining \ldots on input line 496.
LaTeX Info: Redefining \dots on input line 499.
LaTeX Info: Redefining \cdots on input line 620.
\Mathstrutbox@=\box51
\strutbox@=\box52
LaTeX Info: Redefining \big on input line 722.
LaTeX Info: Redefining \Big on input line 723.
LaTeX Info: Redefining \bigg on input line 724.
LaTeX Info: Redefining \Bigg on input line 725.
\big@size=\dimen143
LaTeX Font Info:    Redeclaring font encoding OML on input line 743.
LaTeX Font Info:    Redeclaring font encoding OMS on input line 744.
\macc@depth=\count198
LaTeX Info: Redefining \bmod on input line 905.
LaTeX Info: Redefining \pmod on input line 910.
LaTeX Info: Redefining \smash on input line 940.
LaTeX Info: Redefining \relbar on input line 970.
LaTeX Info: Redefining \Relbar on input line 971.
\c@MaxMatrixCols=\count199
\dotsspace@=\muskip16
\c@parentequation=\count266
\dspbrk@lvl=\count267
\tag@help=\toks25
\row@=\count268
\column@=\count269
\maxfields@=\count270
\andhelp@=\toks26
\eqnshift@=\dimen144
\alignsep@=\dimen145
\tagshift@=\dimen146
\tagwidth@=\dimen147
\totwidth@=\dimen148
\lineht@=\dimen149
\@envbody=\toks27
\multlinegap=\skip54
\multlinetaggap=\skip55
\mathdisplay@stack=\toks28
LaTeX Info: Redefining \[ on input line 2953.
LaTeX Info: Redefining \] on input line 2954.
) (C:\Users\danie\AppData\Local\Programs\MiKTeX\tex/latex/graphics\graphicx.sty
Package: graphicx 2021/09/16 v1.2d Enhanced LaTeX Graphics (DPC,SPQR)
 (C:\Users\danie\AppData\Local\Programs\MiKTeX\tex/latex/graphics\keyval.sty
Package: keyval 2022/05/29 v1.15 key=value parser (DPC)
\KV@toks@=\toks29
) (C:\Users\danie\AppData\Local\Programs\MiKTeX\tex/latex/graphics\graphics.sty
Package: graphics 2022/03/10 v1.4e Standard LaTeX Graphics (DPC,SPQR)
 (C:\Users\danie\AppData\Local\Programs\MiKTeX\tex/latex/graphics\trig.sty
Package: trig 2021/08/11 v1.11 sin cos tan (DPC)
) (C:\Users\danie\AppData\Local\Programs\MiKTeX\tex/latex/graphics-cfg\graphics.cfg
File: graphics.cfg 2016/06/04 v1.11 sample graphics configuration
)
Package graphics Info: Driver file: pdftex.def on input line 107.
 (C:\Users\danie\AppData\Local\Programs\MiKTeX\tex/latex/graphics-def\pdftex.def
File: pdftex.def 2022/09/22 v1.2b Graphics/color driver for pdftex
))
\Gin@req@height=\dimen150
\Gin@req@width=\dimen151
) (C:\Users\danie\AppData\Local\Programs\MiKTeX\tex/latex/caption\subcaption.sty
Package: subcaption 2023/07/28 v1.6b Sub-captions (AR)
 (C:\Users\danie\AppData\Local\Programs\MiKTeX\tex/latex/caption\caption.sty
Package: caption 2023/08/05 v3.6o Customizing captions (AR)
 (C:\Users\danie\AppData\Local\Programs\MiKTeX\tex/latex/caption\caption3.sty
Package: caption3 2023/07/31 v2.4d caption3 kernel (AR)
\caption@tempdima=\dimen152
\captionmargin=\dimen153
\caption@leftmargin=\dimen154
\caption@rightmargin=\dimen155
\caption@width=\dimen156
\caption@indent=\dimen157
\caption@parindent=\dimen158
\caption@hangindent=\dimen159
Package caption Info: Standard document class detected.
)
\c@caption@flags=\count271
\c@continuedfloat=\count272
)
Package caption Info: New subtype `subfigure' on input line 238.
\c@subfigure=\count273
Package caption Info: New subtype `subtable' on input line 238.
\c@subtable=\count274
) (C:\Users\danie\AppData\Local\Programs\MiKTeX\tex/latex/xcolor\xcolor.sty
Package: xcolor 2022/06/12 v2.14 LaTeX color extensions (UK)
 (C:\Users\danie\AppData\Local\Programs\MiKTeX\tex/latex/graphics-cfg\color.cfg
File: color.cfg 2016/01/02 v1.6 sample color configuration
)
Package xcolor Info: Driver file: pdftex.def on input line 227.
 (C:\Users\danie\AppData\Local\Programs\MiKTeX\tex/latex/graphics\mathcolor.ltx)
Package xcolor Info: Model `cmy' substituted by `cmy0' on input line 1353.
Package xcolor Info: Model `hsb' substituted by `rgb' on input line 1357.
Package xcolor Info: Model `RGB' extended on input line 1369.
Package xcolor Info: Model `HTML' substituted by `rgb' on input line 1371.
Package xcolor Info: Model `Hsb' substituted by `hsb' on input line 1372.
Package xcolor Info: Model `tHsb' substituted by `hsb' on input line 1373.
Package xcolor Info: Model `HSB' substituted by `hsb' on input line 1374.
Package xcolor Info: Model `Gray' substituted by `gray' on input line 1375.
Package xcolor Info: Model `wave' substituted by `hsb' on input line 1376.
) (C:\Users\danie\AppData\Local\Programs\MiKTeX\tex/latex/mathtools\mathtools.sty
Package: mathtools 2022/06/29 v1.29 mathematical typesetting tools
 (C:\Users\danie\AppData\Local\Programs\MiKTeX\tex/latex/tools\calc.sty
Package: calc 2017/05/25 v4.3 Infix arithmetic (KKT,FJ)
\calc@Acount=\count275
\calc@Bcount=\count276
\calc@Adimen=\dimen160
\calc@Bdimen=\dimen161
\calc@Askip=\skip56
\calc@Bskip=\skip57
LaTeX Info: Redefining \setlength on input line 80.
LaTeX Info: Redefining \addtolength on input line 81.
\calc@Ccount=\count277
\calc@Cskip=\skip58
) (C:\Users\danie\AppData\Local\Programs\MiKTeX\tex/latex/mathtools\mhsetup.sty
Package: mhsetup 2021/03/18 v1.4 programming setup (MH)
)
\g_MT_multlinerow_int=\count278
\l_MT_multwidth_dim=\dimen162
\origjot=\skip59
\l_MT_shortvdotswithinadjustabove_dim=\dimen163
\l_MT_shortvdotswithinadjustbelow_dim=\dimen164
\l_MT_above_intertext_sep=\dimen165
\l_MT_below_intertext_sep=\dimen166
\l_MT_above_shortintertext_sep=\dimen167
\l_MT_below_shortintertext_sep=\dimen168
\xmathstrut@box=\box53
\xmathstrut@dim=\dimen169
)
\c@problemcnt=\count279
 (C:\Users\danie\AppData\Local\Programs\MiKTeX\tex/latex/l3backend\l3backend-pdftex.def
File: l3backend-pdftex.def 2023-04-19 L3 backend support: PDF output (pdfTeX)
\l__color_backend_stack_int=\count280
\l__pdf_internal_box=\box54
) (Final.aux)
\openout1 = `Final.aux'.

LaTeX Font Info:    Checking defaults for OML/cmm/m/it on input line 145.
LaTeX Font Info:    ... okay on input line 145.
LaTeX Font Info:    Checking defaults for OMS/cmsy/m/n on input line 145.
LaTeX Font Info:    ... okay on input line 145.
LaTeX Font Info:    Checking defaults for OT1/cmr/m/n on input line 145.
LaTeX Font Info:    ... okay on input line 145.
LaTeX Font Info:    Checking defaults for T1/cmr/m/n on input line 145.
LaTeX Font Info:    ... okay on input line 145.
LaTeX Font Info:    Checking defaults for TS1/cmr/m/n on input line 145.
LaTeX Font Info:    ... okay on input line 145.
LaTeX Font Info:    Checking defaults for OMX/cmex/m/n on input line 145.
LaTeX Font Info:    ... okay on input line 145.
LaTeX Font Info:    Checking defaults for U/cmr/m/n on input line 145.
LaTeX Font Info:    ... okay on input line 145.
 (C:\Users\danie\AppData\Local\Programs\MiKTeX\tex/context/base/mkii\supp-pdf.mkii
[Loading MPS to PDF converter (version 2006.09.02).]
\scratchcounter=\count281
\scratchdimen=\dimen170
\scratchbox=\box55
\nofMPsegments=\count282
\nofMParguments=\count283
\everyMPshowfont=\toks30
\MPscratchCnt=\count284
\MPscratchDim=\dimen171
\MPnumerator=\count285
\makeMPintoPDFobject=\count286
\everyMPtoPDFconversion=\toks31
) (C:\Users\danie\AppData\Local\Programs\MiKTeX\tex/latex/epstopdf-pkg\epstopdf-base.sty
Package: epstopdf-base 2020-01-24 v2.11 Base part for package epstopdf
Package epstopdf-base Info: Redefining graphics rule for `.eps' on input line 485.
 (C:\Users\danie\AppData\Local\Programs\MiKTeX\tex/latex/00miktex\epstopdf-sys.cfg
File: epstopdf-sys.cfg 2021/03/18 v2.0 Configuration of epstopdf for MiKTeX
))
Package caption Info: Begin \AtBeginDocument code.
Package caption Info: End \AtBeginDocument code.
 [1

{C:/Users/danie/AppData/Local/MiKTeX/fonts/map/pdftex/pdftex.map}]
<A1.png, id=8, 651.93562pt x 103.88812pt>
File: A1.png Graphic file (type png)
<use A1.png>
Package pdftex.def Info: A1.png  used on input line 157.
(pdftex.def)             Requested size: 310.4979pt x 49.48051pt.
LaTeX Font Info:    Trying to load font information for U+msa on input line 159.
 (C:\Users\danie\AppData\Local\Programs\MiKTeX\tex/latex/amsfonts\umsa.fd
File: umsa.fd 2013/01/14 v3.01 AMS symbols A
)
LaTeX Font Info:    Trying to load font information for U+msb on input line 159.
 (C:\Users\danie\AppData\Local\Programs\MiKTeX\tex/latex/amsfonts\umsb.fd
File: umsb.fd 2013/01/14 v3.01 AMS symbols B
)
<A2.png, id=10, 655.69969pt x 227.34938pt>
File: A2.png Graphic file (type png)
<use A2.png>
Package pdftex.def Info: A2.png  used on input line 196.
(pdftex.def)             Requested size: 310.4979pt x 107.65904pt.
 [2 <./A1.png> <./A2.png>]
<A2_diagrams.png, id=23, 648.92438pt x 277.78781pt>
File: A2_diagrams.png Graphic file (type png)
<use A2_diagrams.png>
Package pdftex.def Info: A2_diagrams.png  used on input line 212.
(pdftex.def)             Requested size: 310.4979pt x 132.91699pt.
 [3 <./A2_diagrams.png>] [4]
<A3.png, id=31, 656.4525pt x 195.73125pt>
File: A3.png Graphic file (type png)
<use A3.png>
Package pdftex.def Info: A3.png  used on input line 282.
(pdftex.def)             Requested size: 310.4979pt x 92.57907pt.
<A3_pol.png, id=32, 274.02374pt x 218.31563pt>
File: A3_pol.png Graphic file (type png)
<use A3_pol.png>
Package pdftex.def Info: A3_pol.png  used on input line 290.
(pdftex.def)             Requested size: 172.5pt x 137.43295pt.
 [5 <./A3.png> <./A3_pol.png>] [6]
<A4.png, id=45, 667.74469pt x 160.34906pt>
File: A4.png Graphic file (type png)
<use A4.png>
Package pdftex.def Info: A4.png  used on input line 357.
(pdftex.def)             Requested size: 310.4979pt x 74.56398pt.
<A4_diagram.png, id=46, 307.1475pt x 219.06844pt>
File: A4_diagram.png Graphic file (type png)
<use A4_diagram.png>
Package pdftex.def Info: A4_diagram.png  used on input line 358.
(pdftex.def)             Requested size: 172.5pt x 123.03514pt.
<Fowles_48.png, id=47, 379.4175pt x 188.95593pt>
File: Fowles_48.png Graphic file (type png)
<use Fowles_48.png>
Package pdftex.def Info: Fowles_48.png  used on input line 368.
(pdftex.def)             Requested size: 172.5pt x 85.90875pt.
 [7 <./A4.png> <./A4_diagram.png> <./Fowles_48.png>] [8]
<A5.png, id=59, 660.21657pt x 115.93312pt>
File: A5.png Graphic file (type png)
<use A5.png>
Package pdftex.def Info: A5.png  used on input line 407.
(pdftex.def)             Requested size: 310.4979pt x 54.52394pt.
<A5_wingnut.png, id=60, 368.87813pt x 228.10219pt>
File: A5_wingnut.png Graphic file (type png)
<use A5_wingnut.png>
Package pdftex.def Info: A5_wingnut.png  used on input line 408.
(pdftex.def)             Requested size: 172.5pt x 106.66853pt.
 [9 <./A5.png> <./A5_wingnut.png>]
<B1.png, id=66, 670.00313pt x 465.99094pt>
File: B1.png Graphic file (type png)
<use B1.png>
Package pdftex.def Info: B1.png  used on input line 413.
(pdftex.def)             Requested size: 310.4979pt x 215.95116pt.
<B1_FBD.png, id=67, 365.86688pt x 292.84406pt>
File: B1_FBD.png Graphic file (type png)
<use B1_FBD.png>
Package pdftex.def Info: B1_FBD.png  used on input line 416.
(pdftex.def)             Requested size: 172.5pt x 138.07016pt.
 [10 <./B1.png> <./B1_FBD.png>] [11] [12]
<B2.png, id=81, 657.2053pt x 280.04625pt>
File: B2.png Graphic file (type png)
<use B2.png>
Package pdftex.def Info: B2.png  used on input line 541.
(pdftex.def)             Requested size: 310.4979pt x 132.30972pt.
 [13 <./B2.png>]
Overfull \hbox (21.15184pt too wide) detected at line 636
\OT1/cmr/m/n/10 = [] + [] [] + [](\OML/cmm/m/it/10 c[]\OT1/cmr/m/n/10 )[] [][] = [] + 2\OMS/cmsy/m/n/10 <f[] []g
 []

[14]
<B3.png, id=91, 462.22687pt x 522.45187pt>
File: B3.png Graphic file (type png)
<use B3.png>
Package pdftex.def Info: B3.png  used on input line 653.
(pdftex.def)             Requested size: 310.4979pt x 350.9577pt.
<B3_def.png, id=92, 910.90312pt x 273.27094pt>
File: B3_def.png Graphic file (type png)
<use B3_def.png>
Package pdftex.def Info: B3_def.png  used on input line 663.
(pdftex.def)             Requested size: 310.4979pt x 93.14856pt.
 [15 <./B3.png> <./B3_def.png>]
<B3_phasor.png, id=98, 438.13687pt x 216.05719pt>
File: B3_phasor.png Graphic file (type png)
<use B3_phasor.png>
Package pdftex.def Info: B3_phasor.png  used on input line 708.
(pdftex.def)             Requested size: 310.4979pt x 153.11813pt.
<B3_plot.png, id=99, 451.6875pt x 207.02344pt>
File: B3_plot.png Graphic file (type png)
<use B3_plot.png>
Package pdftex.def Info: B3_plot.png  used on input line 711.
(pdftex.def)             Requested size: 310.4979pt x 142.31877pt.
 [16 <./B3_phasor.png>] [17 <./B3_plot.png>]
<B4.png, id=108, 471.26062pt x 398.23781pt>
File: B4.png Graphic file (type png)
<use B4.png>
Package pdftex.def Info: B4.png  used on input line 720.
(pdftex.def)             Requested size: 310.4979pt x 262.38809pt.
<B4_laser.png, id=109, 614.295pt x 341.77687pt>
File: B4_laser.png Graphic file (type png)
<use B4_laser.png>
Package pdftex.def Info: B4_laser.png  used on input line 723.
(pdftex.def)             Requested size: 310.4979pt x 172.755pt.
 [18 <./B4.png> <./B4_laser.png>]
<B4_n.png, id=115, 310.91156pt x 79.04532pt>
File: B4_n.png Graphic file (type png)
<use B4_n.png>
Package pdftex.def Info: B4_n.png  used on input line 761.
(pdftex.def)             Requested size: 310.4979pt x 78.94017pt.
<B4_Mich.png, id=116, 460.72125pt x 448.67625pt>
File: B4_Mich.png Graphic file (type png)
<use B4_Mich.png>
Package pdftex.def Info: B4_Mich.png  used on input line 771.
(pdftex.def)             Requested size: 172.5pt x 167.98618pt.
 [19 <./B4_n.png> <./B4_Mich.png>] [20]
<B5.png, id=126, 466.74374pt x 325.96782pt>
File: B5.png Graphic file (type png)
<use B5.png>
Package pdftex.def Info: B5.png  used on input line 826.
(pdftex.def)             Requested size: 310.4979pt x 216.8554pt.

Overfull \hbox (55.38321pt too wide) detected at line 870
\OT1/cmr/m/n/10 = [] []
 []


Overfull \hbox (25.33932pt too wide) detected at line 889
[]\OT1/cmr/m/n/10 (\OML/cmm/m/it/10 k\OT1/cmr/m/n/10 ) = [] []
 []

[21 <./B5.png>]
<B5_PS.png, id=131, 618.81187pt x 402.00188pt>
File: B5_PS.png Graphic file (type png)
<use B5_PS.png>
Package pdftex.def Info: B5_PS.png  used on input line 948.
(pdftex.def)             Requested size: 310.4979pt x 201.71812pt.
 [22] [23 <./B5_PS.png>]
<B6.png, id=139, 465.23813pt x 527.72156pt>
File: B6.png Graphic file (type png)
<use B6.png>
Package pdftex.def Info: B6.png  used on input line 961.
(pdftex.def)             Requested size: 310.4979pt x 352.21075pt.
<B6_lens.png, id=140, 631.60968pt x 286.82156pt>
File: B6_lens.png Graphic file (type png)
<use B6_lens.png>
Package pdftex.def Info: B6_lens.png  used on input line 963.
(pdftex.def)             Requested size: 310.4979pt x 141.00333pt.
 [24 <./B6.png> <./B6_lens.png>] [25] (Final.aux)
 ***********
LaTeX2e <2023-06-01> patch level 1
L3 programming layer <2023-08-29>
 ***********
 ) 
Here is how much of TeX's memory you used:
 5444 strings out of 475248
 88282 string characters out of 5757813
 1931785 words of memory out of 5000000
 26935 multiletter control sequences out of 15000+600000
 563773 words of font info for 59 fonts, out of 8000000 for 9000
 1141 hyphenation exceptions out of 8191
 67i,19n,77p,346b,189s stack positions out of 10000i,1000n,20000p,200000b,200000s
<C:/Users/danie/AppData/Local/Programs/MiKTeX/fonts/type1/public/amsfonts/cm/cmbx10.pfb><C:/Users/danie/AppData/Local/Programs/MiKTeX/fonts/type1/public/amsfonts/cm/cmex10.pfb><C:/Users/danie/AppData/Local/Programs/MiKTeX/fonts/type1/public/amsfonts/cmextra/cmex8.pfb><C:/Users/danie/AppData/Local/Programs/MiKTeX/fonts/type1/public/amsfonts/cm/cmmi10.pfb><C:/Users/danie/AppData/Local/Programs/MiKTeX/fonts/type1/public/amsfonts/cm/cmmi5.pfb><C:/Users/danie/AppData/Local/Programs/MiKTeX/fonts/type1/public/amsfonts/cm/cmmi6.pfb><C:/Users/danie/AppData/Local/Programs/MiKTeX/fonts/type1/public/amsfonts/cm/cmmi7.pfb><C:/Users/danie/AppData/Local/Programs/MiKTeX/fonts/type1/public/amsfonts/cm/cmmi8.pfb><C:/Users/danie/AppData/Local/Programs/MiKTeX/fonts/type1/public/amsfonts/cm/cmr10.pfb><C:/Users/danie/AppData/Local/Programs/MiKTeX/fonts/type1/public/amsfonts/cm/cmr12.pfb><C:/Users/danie/AppData/Local/Programs/MiKTeX/fonts/type1/public/amsfonts/cm/cmr17.pfb><C:/Users/danie/AppData/Local/Programs/MiKTeX/fonts/type1/public/amsfonts/cm/cmr6.pfb><C:/Users/danie/AppData/Local/Programs/MiKTeX/fonts/type1/public/amsfonts/cm/cmr7.pfb><C:/Users/danie/AppData/Local/Programs/MiKTeX/fonts/type1/public/amsfonts/cm/cmr8.pfb><C:/Users/danie/AppData/Local/Programs/MiKTeX/fonts/type1/public/amsfonts/cm/cmsy10.pfb><C:/Users/danie/AppData/Local/Programs/MiKTeX/fonts/type1/public/amsfonts/cm/cmsy7.pfb><C:/Users/danie/AppData/Local/Programs/MiKTeX/fonts/type1/public/amsfonts/symbols/msbm10.pfb><C:/Users/danie/AppData/Local/Programs/MiKTeX/fonts/type1/public/amsfonts/symbols/msbm7.pfb>
Output written on Final.pdf (25 pages, 7142040 bytes).
PDF statistics:
 224 PDF objects out of 1000 (max. 8388607)
 0 named destinations out of 1000 (max. 500000)
 126 words of extra memory for PDF output out of 10000 (max. 10000000)

