\BOOKMARK [1][-]{section.1}{\376\377\0001\000.\000\040\000I\000n\000t\000r\000o\000d\000u\000c\000t\000i\000o\000n}{}% 1
\BOOKMARK [2][-]{subsection.1.1}{\376\377\0001\000.\0001\000.\000\040\000B\000a\000c\000k\000g\000r\000o\000u\000n\000d}{section.1}% 2
\BOOKMARK [2][-]{subsection.1.2}{\376\377\0001\000.\0002\000.\000\040\000P\000r\000e\000l\000i\000m\000i\000n\000a\000r\000i\000e\000s}{section.1}% 3
\BOOKMARK [2][-]{subsection.1.3}{\376\377\0001\000.\0003\000.\000\040\000R\000e\000s\000u\000l\000t\000s}{section.1}% 4
\BOOKMARK [1][-]{section.2}{\376\377\0002\000.\000\040\000M\000o\000m\000e\000n\000t\000s\000\040\000o\000f\000\040\000t\000h\000e\000\040\000a\000n\000t\000i\000c\000o\000m\000m\000u\000t\000a\000t\000o\000r\000\040\000o\000f\000\040\000R\000a\000n\000d\000o\000m\000\040\000M\000a\000t\000r\000i\000c\000e\000s}{}% 5
\BOOKMARK [2][-]{subsection.2.1}{\376\377\0002\000.\0001\000.\000\040\000M\000o\000m\000e\000n\000t\000s\000\040\000o\000f\000\040\000\173\000G\000O\000E\000,\000\040\000G\000O\000E\000\175}{section.2}% 6
\BOOKMARK [2][-]{subsection.2.2}{\376\377\0002\000.\0002\000.\000\040\000M\000o\000m\000e\000n\000t\000s\000\040\000o\000f\000\040\000\173\000P\000T\000E\000,\000\040\000P\000T\000E\000\175}{section.2}% 7
\BOOKMARK [2][-]{subsection.2.3}{\376\377\0002\000.\0003\000.\000\040\000M\000o\000m\000e\000n\000t\000s\000\040\000o\000f\000\040\000\173\000G\000O\000E\000,\000\040\000P\000T\000E\000\175}{section.2}% 8
\BOOKMARK [2][-]{subsection.2.4}{\376\377\0002\000.\0004\000.\000\040\000M\000o\000m\000e\000n\000t\000s\000\040\000o\000f\000\040\000\173\000G\000O\000E\000,\000\040\000k\000-\000B\000C\000E\000\175\000\040\000a\000n\000d\000\040\000\173\000k\000-\000B\000C\000E\000,\000\040\000k\000-\000B\000C\000E\000\175}{section.2}% 9
\BOOKMARK [1][-]{section.3}{\376\377\0003\000.\000\040\000T\000h\000e\000\040\000B\000l\000i\000p\000\040\000S\000p\000e\000c\000t\000r\000a\000l\000\040\000M\000e\000a\000s\000u\000r\000e\000\040\000o\000f\000\040\000a\000n\000t\000i\000c\000o\000m\000m\000u\000t\000a\000t\000o\000r\000s}{}% 10
\BOOKMARK [2][-]{subsection.3.1}{\376\377\0003\000.\0001\000.\000\040\000S\000t\000r\000u\000c\000t\000u\000r\000a\000l\000\040\000P\000r\000e\000l\000i\000m\000i\000n\000a\000r\000i\000e\000s}{section.3}% 11
\BOOKMARK [2][-]{subsection.3.2}{\376\377\0003\000.\0002\000.\000\040\000\173\000G\000O\000E\000,\000\040\000k\000-\000c\000h\000e\000c\000k\000e\000r\000b\000o\000a\000r\000d\000\175}{section.3}% 12
\BOOKMARK [2][-]{subsection.3.3}{\376\377\0003\000.\0003\000.\000\040\000M\000o\000m\000e\000n\000t\000s\000\040\000o\000f\000\040\000\173\000k\000-\000c\000h\000e\000c\000k\000e\000r\000b\000o\000a\000o\000r\000d\000,\000\040\000j\000-\000c\000h\000e\000c\000k\000e\000r\000b\000o\000a\000r\000d\000\175}{section.3}% 13
\BOOKMARK [1][-]{appendix.A}{\376\377\000A\000p\000p\000e\000n\000d\000i\000x\000\040\000A\000.\000\040\000M\000o\000m\000e\000n\000t\000s\000\040\000o\000f\000\040\000a\000n\000t\000i\000c\000o\000m\000m\000u\000t\000a\000t\000o\000r\000s}{}% 14
\BOOKMARK [2][-]{subsection.A.1}{\376\377\000A\000.\0001\000.\000\040\000M\000o\000m\000e\000n\000t\000s\000\040\000o\000f\000\040\000\040\000a\000n\000t\000i\000c\000o\000m\000m\000u\000t\000a\000t\000o\000r\000s}{appendix.A}% 15
\BOOKMARK [2][-]{subsection.A.2}{\376\377\000A\000.\0002\000.\000\040\000B\000u\000l\000k\000\040\000M\000o\000m\000e\000n\000t\000s\000\040\000o\000f\000\040\000\173\000G\000O\000E\000,\000\040\000k\000-\000c\000h\000e\000c\000k\000e\000r\000b\000o\000a\000r\000d\000\175}{appendix.A}% 16
\BOOKMARK [2][-]{subsection.A.3}{\376\377\000A\000.\0003\000.\000\040\000B\000u\000l\000k\000\040\000M\000o\000m\000e\000n\000t\000s\000\040\000o\000f\000\040\000\173\000k\000-\000c\000h\000e\000c\000k\000e\000r\000b\000o\000a\000r\000d\000,\000\040\000j\000-\000c\000h\000e\000c\000k\000e\000r\000b\000o\000a\000r\000d\000\175}{appendix.A}% 17
\BOOKMARK [1][-]{appendix.B}{\376\377\000A\000p\000p\000e\000n\000d\000i\000x\000\040\000B\000.\000\040\000P\000r\000o\000o\000f\000\040\000o\000f\000\040\000M\000u\000l\000t\000i\000p\000l\000e\000\040\000R\000e\000g\000i\000m\000e\000s}{}% 18
\BOOKMARK [1][-]{appendix.C}{\376\377\000A\000p\000p\000e\000n\000d\000i\000x\000\040\000C\000.\000\040\000A\000l\000m\000o\000s\000t\000\040\000S\000u\000r\000e\000\040\000C\000o\000n\000v\000e\000r\000g\000e\000n\000c\000e}{}% 19
\BOOKMARK [1][-]{appendix.D}{\376\377\000A\000p\000p\000e\000n\000d\000i\000x\000\040\000D\000.\000\040\000A\000l\000m\000o\000s\000t\000-\000S\000u\000r\000e\000\040\000C\000o\000n\000v\000e\000r\000g\000e\000n\000c\000e\000\040\000o\000f\000\040\000t\000h\000e\000\040\000B\000u\000l\000k}{}% 20
\BOOKMARK [1][-]{appendix.E}{\376\377\000A\000p\000p\000e\000n\000d\000i\000x\000\040\000E\000.\000\040\000P\000o\000l\000y\000n\000o\000m\000i\000a\000l\000\040\000W\000e\000i\000g\000h\000t\000\040\000F\000u\000n\000c\000t\000i\000o\000n\000s\000\040\000f\000o\000r\000\040\000I\000n\000t\000e\000r\000m\000e\000d\000i\000a\000r\000y\000\040\000B\000l\000i\000p\000s}{}% 21
\BOOKMARK [1][-]{appendix.F}{\376\377\000A\000p\000p\000e\000n\000d\000i\000x\000\040\000F\000.\000\040\000L\000o\000w\000e\000r\000\040\000e\000v\000e\000n\000\040\000m\000o\000m\000e\000n\000t\000s\000\040\000o\000f\000\040\000\173\000G\000O\000E\000,\000\040\000k\000-\000B\000C\000E\000\175\000\040\000a\000n\000d\000\040\000\173\000k\000-\000B\000C\000E\000,\000\040\000k\000-\000B\000C\000E\000\175}{}% 22
\BOOKMARK [1][-]{section*.5}{\376\377\000R\000e\000f\000e\000r\000e\000n\000c\000e\000s}{}% 23
